{"D:\\projetos\\gostack\\level03\\appgobarber\\src\\components\\button\\index.tsx": {"path":"D:\\projetos\\gostack\\level03\\appgobarber\\src\\components\\button\\index.tsx","statementMap":{"0":{"start":{"line":11,"column":37},"end":{"line":24,"column":1}},"1":{"start":{"line":16,"column":2},"end":{"line":16,"column":40}},"2":{"start":{"line":18,"column":2},"end":{"line":23,"column":4}}},"fnMap":{"0":{"name":"(anonymous_0)","decl":{"start":{"line":11,"column":37},"end":{"line":11,"column":38}},"loc":{"start":{"line":15,"column":6},"end":{"line":24,"column":1}},"line":15}},"branchMap":{"0":{"loc":{"start":{"line":12,"column":2},"end":{"line":12,"column":24}},"type":"default-arg","locations":[{"start":{"line":12,"column":19},"end":{"line":12,"column":24}}],"line":12}},"s":{"0":1,"1":1,"2":1},"f":{"0":1},"b":{"0":[1]},"_coverageSchema":"1a1c01bbd47fc00a2c39e90264f33305004495a9","hash":"18e849e8bd87679ef5f118b170210955724746dd"}
,"D:\\projetos\\gostack\\level03\\appgobarber\\src\\components\\input\\index.tsx": {"path":"D:\\projetos\\gostack\\level03\\appgobarber\\src\\components\\input\\index.tsx","statementMap":{"0":{"start":{"line":22,"column":68},"end":{"line":85,"column":1}},"1":{"start":{"line":24,"column":36},"end":{"line":24,"column":51}},"2":{"start":{"line":25,"column":33},"end":{"line":25,"column":48}},"3":{"start":{"line":28,"column":27},"end":{"line":30,"column":8}},"4":{"start":{"line":29,"column":4},"end":{"line":29,"column":22}},"5":{"start":{"line":32,"column":26},"end":{"line":37,"column":8}},"6":{"start":{"line":33,"column":4},"end":{"line":33,"column":23}},"7":{"start":{"line":35,"column":4},"end":{"line":35,"column":45}},"8":{"start":{"line":40,"column":26},"end":{"line":40,"column":43}},"9":{"start":{"line":42,"column":65},"end":{"line":42,"column":79}},"10":{"start":{"line":43,"column":24},"end":{"line":43,"column":76}},"11":{"start":{"line":45,"column":2},"end":{"line":49,"column":5}},"12":{"start":{"line":45,"column":34},"end":{"line":49,"column":3}},"13":{"start":{"line":47,"column":6},"end":{"line":47,"column":38}},"14":{"start":{"line":51,"column":2},"end":{"line":65,"column":32}},"15":{"start":{"line":52,"column":4},"end":{"line":64,"column":6}},"16":{"start":{"line":57,"column":8},"end":{"line":57,"column":44}},"17":{"start":{"line":58,"column":8},"end":{"line":58,"column":63}},"18":{"start":{"line":61,"column":8},"end":{"line":61,"column":41}},"19":{"start":{"line":62,"column":8},"end":{"line":62,"column":40}},"20":{"start":{"line":67,"column":2},"end":{"line":83,"column":3}},"21":{"start":{"line":78,"column":10},"end":{"line":78,"column":46}}},"fnMap":{"0":{"name":"(anonymous_0)","decl":{"start":{"line":22,"column":68},"end":{"line":22,"column":69}},"loc":{"start":{"line":22,"column":123},"end":{"line":85,"column":1}},"line":22},"1":{"name":"(anonymous_1)","decl":{"start":{"line":28,"column":39},"end":{"line":28,"column":40}},"loc":{"start":{"line":28,"column":45},"end":{"line":30,"column":3}},"line":28},"2":{"name":"(anonymous_2)","decl":{"start":{"line":32,"column":38},"end":{"line":32,"column":39}},"loc":{"start":{"line":32,"column":44},"end":{"line":37,"column":3}},"line":32},"3":{"name":"(anonymous_3)","decl":{"start":{"line":45,"column":27},"end":{"line":45,"column":28}},"loc":{"start":{"line":45,"column":34},"end":{"line":49,"column":3}},"line":45},"4":{"name":"(anonymous_4)","decl":{"start":{"line":46,"column":4},"end":{"line":46,"column":5}},"loc":{"start":{"line":46,"column":12},"end":{"line":48,"column":5}},"line":46},"5":{"name":"(anonymous_5)","decl":{"start":{"line":51,"column":12},"end":{"line":51,"column":13}},"loc":{"start":{"line":51,"column":18},"end":{"line":65,"column":3}},"line":51},"6":{"name":"(anonymous_6)","decl":{"start":{"line":56,"column":6},"end":{"line":56,"column":7}},"loc":{"start":{"line":56,"column":32},"end":{"line":59,"column":7}},"line":56},"7":{"name":"(anonymous_7)","decl":{"start":{"line":60,"column":6},"end":{"line":60,"column":7}},"loc":{"start":{"line":60,"column":19},"end":{"line":63,"column":7}},"line":60},"8":{"name":"(anonymous_8)","decl":{"start":{"line":77,"column":22},"end":{"line":77,"column":23}},"loc":{"start":{"line":77,"column":31},"end":{"line":79,"column":9}},"line":77}},"branchMap":{"0":{"loc":{"start":{"line":22,"column":83},"end":{"line":22,"column":102}},"type":"default-arg","locations":[{"start":{"line":22,"column":100},"end":{"line":22,"column":102}}],"line":22},"1":{"loc":{"start":{"line":42,"column":25},"end":{"line":42,"column":42}},"type":"default-arg","locations":[{"start":{"line":42,"column":40},"end":{"line":42,"column":42}}],"line":42},"2":{"loc":{"start":{"line":69,"column":41},"end":{"line":69,"column":86}},"type":"cond-expr","locations":[{"start":{"line":69,"column":65},"end":{"line":69,"column":74}},{"start":{"line":69,"column":77},"end":{"line":69,"column":86}}],"line":69},"3":{"loc":{"start":{"line":69,"column":41},"end":{"line":69,"column":62}},"type":"binary-expr","locations":[{"start":{"line":69,"column":41},"end":{"line":69,"column":50}},{"start":{"line":69,"column":54},"end":{"line":69,"column":62}}],"line":69}},"s":{"0":1,"1":2,"2":2,"3":2,"4":0,"5":2,"6":0,"7":0,"8":2,"9":2,"10":2,"11":2,"12":1,"13":0,"14":2,"15":2,"16":0,"17":0,"18":0,"19":0,"20":2,"21":0},"f":{"0":2,"1":0,"2":0,"3":1,"4":0,"5":2,"6":0,"7":0,"8":0},"b":{"0":[2],"1":[2],"2":[0,2],"3":[2,2]},"_coverageSchema":"1a1c01bbd47fc00a2c39e90264f33305004495a9","hash":"7cbea1fad359928042cc1c9ea494a3797f2f180e"}
,"D:\\projetos\\gostack\\level03\\appgobarber\\src\\hooks\\AuthContext.tsx": {"path":"D:\\projetos\\gostack\\level03\\appgobarber\\src\\hooks\\AuthContext.tsx","statementMap":{"0":{"start":{"line":30,"column":20},"end":{"line":30,"column":73}},"1":{"start":{"line":32,"column":38},"end":{"line":101,"column":1}},"2":{"start":{"line":33,"column":26},"end":{"line":33,"column":62}},"3":{"start":{"line":34,"column":32},"end":{"line":34,"column":46}},"4":{"start":{"line":36,"column":2},"end":{"line":51,"column":8}},"5":{"start":{"line":38,"column":28},"end":{"line":40,"column":8}},"6":{"start":{"line":41,"column":6},"end":{"line":44,"column":7}},"7":{"start":{"line":42,"column":8},"end":{"line":42,"column":66}},"8":{"start":{"line":43,"column":8},"end":{"line":43,"column":62}},"9":{"start":{"line":46,"column":6},"end":{"line":46,"column":23}},"10":{"start":{"line":49,"column":4},"end":{"line":49,"column":21}},"11":{"start":{"line":54,"column":17},"end":{"line":75,"column":8}},"12":{"start":{"line":58,"column":21},"end":{"line":61,"column":6}},"13":{"start":{"line":63,"column":28},"end":{"line":63,"column":41}},"14":{"start":{"line":67,"column":4},"end":{"line":70,"column":6}},"15":{"start":{"line":72,"column":4},"end":{"line":72,"column":59}},"16":{"start":{"line":74,"column":4},"end":{"line":74,"column":29}},"17":{"start":{"line":77,"column":18},"end":{"line":82,"column":8}},"18":{"start":{"line":78,"column":4},"end":{"line":78,"column":74}},"19":{"start":{"line":81,"column":4},"end":{"line":81,"column":29}},"20":{"start":{"line":84,"column":21},"end":{"line":94,"column":3}},"21":{"start":{"line":86,"column":6},"end":{"line":86,"column":73}},"22":{"start":{"line":88,"column":6},"end":{"line":91,"column":9}},"23":{"start":{"line":96,"column":2},"end":{"line":100,"column":4}},"24":{"start":{"line":104,"column":18},"end":{"line":104,"column":41}},"25":{"start":{"line":106,"column":2},"end":{"line":108,"column":3}},"26":{"start":{"line":107,"column":4},"end":{"line":107,"column":67}},"27":{"start":{"line":110,"column":2},"end":{"line":110,"column":17}}},"fnMap":{"0":{"name":"(anonymous_0)","decl":{"start":{"line":32,"column":38},"end":{"line":32,"column":39}},"loc":{"start":{"line":32,"column":56},"end":{"line":101,"column":1}},"line":32},"1":{"name":"(anonymous_1)","decl":{"start":{"line":36,"column":12},"end":{"line":36,"column":13}},"loc":{"start":{"line":36,"column":18},"end":{"line":51,"column":3}},"line":36},"2":{"name":"loadStorageData","decl":{"start":{"line":37,"column":19},"end":{"line":37,"column":34}},"loc":{"start":{"line":37,"column":52},"end":{"line":47,"column":5}},"line":37},"3":{"name":"(anonymous_3)","decl":{"start":{"line":54,"column":29},"end":{"line":54,"column":30}},"loc":{"start":{"line":54,"column":60},"end":{"line":75,"column":3}},"line":54},"4":{"name":"(anonymous_4)","decl":{"start":{"line":77,"column":30},"end":{"line":77,"column":31}},"loc":{"start":{"line":77,"column":42},"end":{"line":82,"column":3}},"line":77},"5":{"name":"(anonymous_5)","decl":{"start":{"line":85,"column":4},"end":{"line":85,"column":5}},"loc":{"start":{"line":85,"column":26},"end":{"line":92,"column":5}},"line":85},"6":{"name":"useAuth","decl":{"start":{"line":103,"column":16},"end":{"line":103,"column":23}},"loc":{"start":{"line":103,"column":43},"end":{"line":111,"column":1}},"line":103}},"branchMap":{"0":{"loc":{"start":{"line":41,"column":6},"end":{"line":44,"column":7}},"type":"if","locations":[{"start":{"line":41,"column":6},"end":{"line":44,"column":7}},{"start":{"line":41,"column":6},"end":{"line":44,"column":7}}],"line":41},"1":{"loc":{"start":{"line":41,"column":10},"end":{"line":41,"column":29}},"type":"binary-expr","locations":[{"start":{"line":41,"column":10},"end":{"line":41,"column":18}},{"start":{"line":41,"column":22},"end":{"line":41,"column":29}}],"line":41},"2":{"loc":{"start":{"line":106,"column":2},"end":{"line":108,"column":3}},"type":"if","locations":[{"start":{"line":106,"column":2},"end":{"line":108,"column":3}},{"start":{"line":106,"column":2},"end":{"line":108,"column":3}}],"line":106}},"s":{"0":1,"1":1,"2":0,"3":0,"4":0,"5":0,"6":0,"7":0,"8":0,"9":0,"10":0,"11":0,"12":0,"13":0,"14":0,"15":0,"16":0,"17":0,"18":0,"19":0,"20":0,"21":0,"22":0,"23":0,"24":1,"25":1,"26":0,"27":1},"f":{"0":0,"1":0,"2":0,"3":0,"4":0,"5":0,"6":1},"b":{"0":[0,0],"1":[0,0],"2":[0,1]},"_coverageSchema":"1a1c01bbd47fc00a2c39e90264f33305004495a9","hash":"f3607944a2d6fbc1cc9414c0db100087b8f641a3"}
,"D:\\projetos\\gostack\\level03\\appgobarber\\src\\pages\\AppointmentCreated\\index.tsx": {"path":"D:\\projetos\\gostack\\level03\\appgobarber\\src\\pages\\AppointmentCreated\\index.tsx","statementMap":{"0":{"start":{"line":19,"column":37},"end":{"line":60,"column":1}},"1":{"start":{"line":21,"column":20},"end":{"line":21,"column":35}},"2":{"start":{"line":22,"column":21},"end":{"line":22,"column":31}},"3":{"start":{"line":24,"column":22},"end":{"line":24,"column":43}},"4":{"start":{"line":26,"column":23},"end":{"line":30,"column":24}},"5":{"start":{"line":27,"column":4},"end":{"line":29,"column":22}},"6":{"start":{"line":33,"column":19},"end":{"line":44,"column":13}},"7":{"start":{"line":35,"column":4},"end":{"line":42,"column":6}},"8":{"start":{"line":47,"column":2},"end":{"line":59,"column":3}}},"fnMap":{"0":{"name":"(anonymous_0)","decl":{"start":{"line":19,"column":37},"end":{"line":19,"column":38}},"loc":{"start":{"line":19,"column":43},"end":{"line":60,"column":1}},"line":19},"1":{"name":"(anonymous_1)","decl":{"start":{"line":26,"column":31},"end":{"line":26,"column":32}},"loc":{"start":{"line":26,"column":37},"end":{"line":30,"column":3}},"line":26},"2":{"name":"(anonymous_2)","decl":{"start":{"line":33,"column":31},"end":{"line":33,"column":32}},"loc":{"start":{"line":33,"column":37},"end":{"line":44,"column":3}},"line":33}},"branchMap":{},"s":{"0":0,"1":0,"2":0,"3":0,"4":0,"5":0,"6":0,"7":0,"8":0},"f":{"0":0,"1":0,"2":0},"b":{}}
,"D:\\projetos\\gostack\\level03\\appgobarber\\src\\pages\\CreateAppointment\\index.tsx": {"path":"D:\\projetos\\gostack\\level03\\appgobarber\\src\\pages\\CreateAppointment\\index.tsx","statementMap":{"0":{"start":{"line":52,"column":36},"end":{"line":255,"column":1}},"1":{"start":{"line":55,"column":16},"end":{"line":55,"column":26}},"2":{"start":{"line":56,"column":25},"end":{"line":56,"column":52}},"3":{"start":{"line":57,"column":19},"end":{"line":57,"column":28}},"4":{"start":{"line":58,"column":31},"end":{"line":58,"column":46}},"5":{"start":{"line":60,"column":42},"end":{"line":60,"column":74}},"6":{"start":{"line":61,"column":42},"end":{"line":61,"column":62}},"7":{"start":{"line":62,"column":42},"end":{"line":62,"column":53}},"8":{"start":{"line":63,"column":46},"end":{"line":63,"column":61}},"9":{"start":{"line":64,"column":36},"end":{"line":64,"column":60}},"10":{"start":{"line":65,"column":50},"end":{"line":65,"column":70}},"11":{"start":{"line":67,"column":23},"end":{"line":69,"column":14}},"12":{"start":{"line":68,"column":4},"end":{"line":68,"column":12}},"13":{"start":{"line":71,"column":2},"end":{"line":77,"column":8}},"14":{"start":{"line":73,"column":4},"end":{"line":75,"column":6}},"15":{"start":{"line":74,"column":6},"end":{"line":74,"column":33}},"16":{"start":{"line":79,"column":2},"end":{"line":92,"column":38}},"17":{"start":{"line":81,"column":4},"end":{"line":90,"column":6}},"18":{"start":{"line":89,"column":6},"end":{"line":89,"column":36}},"19":{"start":{"line":94,"column":33},"end":{"line":98,"column":8}},"20":{"start":{"line":96,"column":4},"end":{"line":96,"column":38}},"21":{"start":{"line":96,"column":31},"end":{"line":96,"column":37}},"22":{"start":{"line":100,"column":27},"end":{"line":111,"column":8}},"23":{"start":{"line":102,"column":4},"end":{"line":104,"column":5}},"24":{"start":{"line":103,"column":6},"end":{"line":103,"column":30}},"25":{"start":{"line":106,"column":4},"end":{"line":108,"column":5}},"26":{"start":{"line":107,"column":6},"end":{"line":107,"column":27}},"27":{"start":{"line":113,"column":31},"end":{"line":118,"column":8}},"28":{"start":{"line":115,"column":4},"end":{"line":115,"column":27}},"29":{"start":{"line":116,"column":4},"end":{"line":116,"column":22}},"30":{"start":{"line":120,"column":27},"end":{"line":122,"column":8}},"31":{"start":{"line":121,"column":4},"end":{"line":121,"column":25}},"32":{"start":{"line":124,"column":34},"end":{"line":144,"column":62}},"33":{"start":{"line":125,"column":4},"end":{"line":142,"column":5}},"34":{"start":{"line":126,"column":19},"end":{"line":126,"column":41}},"35":{"start":{"line":128,"column":6},"end":{"line":128,"column":33}},"36":{"start":{"line":129,"column":6},"end":{"line":129,"column":24}},"37":{"start":{"line":131,"column":6},"end":{"line":134,"column":8}},"38":{"start":{"line":136,"column":6},"end":{"line":136,"column":62}},"39":{"start":{"line":140,"column":6},"end":{"line":141,"column":74}},"40":{"start":{"line":146,"column":30},"end":{"line":155,"column":20}},"41":{"start":{"line":147,"column":4},"end":{"line":153,"column":6}},"42":{"start":{"line":147,"column":45},"end":{"line":147,"column":54}},"43":{"start":{"line":148,"column":6},"end":{"line":152,"column":7}},"44":{"start":{"line":157,"column":32},"end":{"line":166,"column":20}},"45":{"start":{"line":158,"column":4},"end":{"line":164,"column":6}},"46":{"start":{"line":158,"column":45},"end":{"line":158,"column":55}},"47":{"start":{"line":159,"column":6},"end":{"line":163,"column":7}},"48":{"start":{"line":169,"column":2},"end":{"line":254,"column":3}},"49":{"start":{"line":188,"column":36},"end":{"line":188,"column":47}},"50":{"start":{"line":190,"column":12},"end":{"line":193,"column":32}},"51":{"start":{"line":190,"column":46},"end":{"line":190,"column":79}},"52":{"start":{"line":228,"column":14},"end":{"line":230,"column":21}},"53":{"start":{"line":228,"column":87},"end":{"line":228,"column":109}},"54":{"start":{"line":240,"column":14},"end":{"line":242,"column":21}},"55":{"start":{"line":240,"column":87},"end":{"line":240,"column":109}}},"fnMap":{"0":{"name":"(anonymous_0)","decl":{"start":{"line":52,"column":36},"end":{"line":52,"column":37}},"loc":{"start":{"line":52,"column":42},"end":{"line":255,"column":1}},"line":52},"1":{"name":"(anonymous_1)","decl":{"start":{"line":67,"column":35},"end":{"line":67,"column":36}},"loc":{"start":{"line":67,"column":41},"end":{"line":69,"column":3}},"line":67},"2":{"name":"(anonymous_2)","decl":{"start":{"line":71,"column":12},"end":{"line":71,"column":13}},"loc":{"start":{"line":71,"column":18},"end":{"line":77,"column":3}},"line":71},"3":{"name":"(anonymous_3)","decl":{"start":{"line":73,"column":30},"end":{"line":73,"column":31}},"loc":{"start":{"line":73,"column":42},"end":{"line":75,"column":5}},"line":73},"4":{"name":"(anonymous_4)","decl":{"start":{"line":79,"column":12},"end":{"line":79,"column":13}},"loc":{"start":{"line":79,"column":18},"end":{"line":92,"column":3}},"line":79},"5":{"name":"(anonymous_5)","decl":{"start":{"line":88,"column":12},"end":{"line":88,"column":13}},"loc":{"start":{"line":88,"column":24},"end":{"line":90,"column":5}},"line":88},"6":{"name":"(anonymous_6)","decl":{"start":{"line":94,"column":45},"end":{"line":94,"column":46}},"loc":{"start":{"line":94,"column":51},"end":{"line":98,"column":3}},"line":94},"7":{"name":"(anonymous_7)","decl":{"start":{"line":96,"column":22},"end":{"line":96,"column":23}},"loc":{"start":{"line":96,"column":31},"end":{"line":96,"column":37}},"line":96},"8":{"name":"(anonymous_8)","decl":{"start":{"line":100,"column":39},"end":{"line":100,"column":40}},"loc":{"start":{"line":100,"column":79},"end":{"line":111,"column":3}},"line":100},"9":{"name":"(anonymous_9)","decl":{"start":{"line":113,"column":43},"end":{"line":113,"column":44}},"loc":{"start":{"line":113,"column":59},"end":{"line":118,"column":3}},"line":113},"10":{"name":"(anonymous_10)","decl":{"start":{"line":120,"column":39},"end":{"line":120,"column":40}},"loc":{"start":{"line":120,"column":57},"end":{"line":122,"column":3}},"line":120},"11":{"name":"(anonymous_11)","decl":{"start":{"line":124,"column":46},"end":{"line":124,"column":47}},"loc":{"start":{"line":124,"column":58},"end":{"line":144,"column":3}},"line":124},"12":{"name":"(anonymous_12)","decl":{"start":{"line":146,"column":38},"end":{"line":146,"column":39}},"loc":{"start":{"line":146,"column":44},"end":{"line":155,"column":3}},"line":146},"13":{"name":"(anonymous_13)","decl":{"start":{"line":147,"column":31},"end":{"line":147,"column":32}},"loc":{"start":{"line":147,"column":45},"end":{"line":147,"column":54}},"line":147},"14":{"name":"(anonymous_14)","decl":{"start":{"line":147,"column":60},"end":{"line":147,"column":61}},"loc":{"start":{"line":147,"column":85},"end":{"line":153,"column":5}},"line":147},"15":{"name":"(anonymous_15)","decl":{"start":{"line":157,"column":40},"end":{"line":157,"column":41}},"loc":{"start":{"line":157,"column":46},"end":{"line":166,"column":3}},"line":157},"16":{"name":"(anonymous_16)","decl":{"start":{"line":158,"column":31},"end":{"line":158,"column":32}},"loc":{"start":{"line":158,"column":45},"end":{"line":158,"column":55}},"line":158},"17":{"name":"(anonymous_17)","decl":{"start":{"line":158,"column":61},"end":{"line":158,"column":62}},"loc":{"start":{"line":158,"column":86},"end":{"line":164,"column":5}},"line":158},"18":{"name":"(anonymous_18)","decl":{"start":{"line":188,"column":24},"end":{"line":188,"column":25}},"loc":{"start":{"line":188,"column":36},"end":{"line":188,"column":47}},"line":188},"19":{"name":"(anonymous_19)","decl":{"start":{"line":189,"column":22},"end":{"line":189,"column":23}},"loc":{"start":{"line":190,"column":12},"end":{"line":193,"column":32}},"line":190},"20":{"name":"(anonymous_20)","decl":{"start":{"line":190,"column":40},"end":{"line":190,"column":41}},"loc":{"start":{"line":190,"column":46},"end":{"line":190,"column":79}},"line":190},"21":{"name":"(anonymous_21)","decl":{"start":{"line":227,"column":37},"end":{"line":227,"column":38}},"loc":{"start":{"line":228,"column":14},"end":{"line":230,"column":21}},"line":228},"22":{"name":"(anonymous_22)","decl":{"start":{"line":228,"column":81},"end":{"line":228,"column":82}},"loc":{"start":{"line":228,"column":87},"end":{"line":228,"column":109}},"line":228},"23":{"name":"(anonymous_23)","decl":{"start":{"line":239,"column":39},"end":{"line":239,"column":40}},"loc":{"start":{"line":240,"column":14},"end":{"line":242,"column":21}},"line":240},"24":{"name":"(anonymous_24)","decl":{"start":{"line":240,"column":81},"end":{"line":240,"column":82}},"loc":{"start":{"line":240,"column":87},"end":{"line":240,"column":109}},"line":240}},"branchMap":{"0":{"loc":{"start":{"line":102,"column":4},"end":{"line":104,"column":5}},"type":"if","locations":[{"start":{"line":102,"column":4},"end":{"line":104,"column":5}},{"start":{"line":102,"column":4},"end":{"line":104,"column":5}}],"line":102},"1":{"loc":{"start":{"line":106,"column":4},"end":{"line":108,"column":5}},"type":"if","locations":[{"start":{"line":106,"column":4},"end":{"line":108,"column":5}},{"start":{"line":106,"column":4},"end":{"line":108,"column":5}}],"line":106},"2":{"loc":{"start":{"line":180,"column":28},"end":{"line":180,"column":139}},"type":"cond-expr","locations":[{"start":{"line":180,"column":46},"end":{"line":180,"column":70}},{"start":{"line":180,"column":73},"end":{"line":180,"column":139}}],"line":180},"3":{"loc":{"start":{"line":191,"column":38},"end":{"line":191,"column":157}},"type":"cond-expr","locations":[{"start":{"line":191,"column":60},"end":{"line":191,"column":88}},{"start":{"line":191,"column":91},"end":{"line":191,"column":157}}],"line":191},"4":{"loc":{"start":{"line":206,"column":9},"end":{"line":215,"column":9}},"type":"binary-expr","locations":[{"start":{"line":206,"column":9},"end":{"line":206,"column":23}},{"start":{"line":207,"column":10},"end":{"line":214,"column":12}}],"line":206},"5":{"loc":{"start":{"line":211,"column":21},"end":{"line":211,"column":71}},"type":"cond-expr","locations":[{"start":{"line":211,"column":49},"end":{"line":211,"column":59}},{"start":{"line":211,"column":62},"end":{"line":211,"column":71}}],"line":211},"6":{"loc":{"start":{"line":213,"column":17},"end":{"line":213,"column":66}},"type":"binary-expr","locations":[{"start":{"line":213,"column":17},"end":{"line":213,"column":38}},{"start":{"line":213,"column":42},"end":{"line":213,"column":66}}],"line":213}},"s":{"0":0,"1":0,"2":0,"3":0,"4":0,"5":0,"6":0,"7":0,"8":0,"9":0,"10":0,"11":0,"12":0,"13":0,"14":0,"15":0,"16":0,"17":0,"18":0,"19":0,"20":0,"21":0,"22":0,"23":0,"24":0,"25":0,"26":0,"27":0,"28":0,"29":0,"30":0,"31":0,"32":0,"33":0,"34":0,"35":0,"36":0,"37":0,"38":0,"39":0,"40":0,"41":0,"42":0,"43":0,"44":0,"45":0,"46":0,"47":0,"48":0,"49":0,"50":0,"51":0,"52":0,"53":0,"54":0,"55":0},"f":{"0":0,"1":0,"2":0,"3":0,"4":0,"5":0,"6":0,"7":0,"8":0,"9":0,"10":0,"11":0,"12":0,"13":0,"14":0,"15":0,"16":0,"17":0,"18":0,"19":0,"20":0,"21":0,"22":0,"23":0,"24":0},"b":{"0":[0,0],"1":[0,0],"2":[0,0],"3":[0,0],"4":[0,0],"5":[0,0],"6":[0,0]}}
,"D:\\projetos\\gostack\\level03\\appgobarber\\src\\pages\\Dashboard\\index.tsx": {"path":"D:\\projetos\\gostack\\level03\\appgobarber\\src\\pages\\Dashboard\\index.tsx","statementMap":{"0":{"start":{"line":29,"column":28},"end":{"line":98,"column":1}},"1":{"start":{"line":31,"column":36},"end":{"line":31,"column":60}},"2":{"start":{"line":33,"column":28},"end":{"line":33,"column":37}},"3":{"start":{"line":34,"column":23},"end":{"line":34,"column":38}},"4":{"start":{"line":37,"column":2},"end":{"line":43,"column":8}},"5":{"start":{"line":39,"column":4},"end":{"line":41,"column":6}},"6":{"start":{"line":40,"column":6},"end":{"line":40,"column":33}},"7":{"start":{"line":45,"column":28},"end":{"line":47,"column":16}},"8":{"start":{"line":46,"column":4},"end":{"line":46,"column":23}},"9":{"start":{"line":50,"column":38},"end":{"line":54,"column":16}},"10":{"start":{"line":52,"column":4},"end":{"line":52,"column":49}},"11":{"start":{"line":56,"column":2},"end":{"line":97,"column":3}},"12":{"start":{"line":71,"column":34},"end":{"line":71,"column":45}},"13":{"start":{"line":76,"column":10},"end":{"line":93,"column":30}},"14":{"start":{"line":76,"column":44},"end":{"line":76,"column":84}}},"fnMap":{"0":{"name":"(anonymous_0)","decl":{"start":{"line":29,"column":28},"end":{"line":29,"column":29}},"loc":{"start":{"line":29,"column":34},"end":{"line":98,"column":1}},"line":29},"1":{"name":"(anonymous_1)","decl":{"start":{"line":37,"column":12},"end":{"line":37,"column":13}},"loc":{"start":{"line":37,"column":18},"end":{"line":43,"column":3}},"line":37},"2":{"name":"(anonymous_2)","decl":{"start":{"line":39,"column":30},"end":{"line":39,"column":31}},"loc":{"start":{"line":39,"column":42},"end":{"line":41,"column":5}},"line":39},"3":{"name":"(anonymous_3)","decl":{"start":{"line":45,"column":40},"end":{"line":45,"column":41}},"loc":{"start":{"line":45,"column":46},"end":{"line":47,"column":3}},"line":45},"4":{"name":"(anonymous_4)","decl":{"start":{"line":50,"column":50},"end":{"line":50,"column":51}},"loc":{"start":{"line":50,"column":74},"end":{"line":54,"column":3}},"line":50},"5":{"name":"(anonymous_5)","decl":{"start":{"line":71,"column":22},"end":{"line":71,"column":23}},"loc":{"start":{"line":71,"column":34},"end":{"line":71,"column":45}},"line":71},"6":{"name":"(anonymous_6)","decl":{"start":{"line":75,"column":20},"end":{"line":75,"column":21}},"loc":{"start":{"line":76,"column":10},"end":{"line":93,"column":30}},"line":76},"7":{"name":"(anonymous_7)","decl":{"start":{"line":76,"column":38},"end":{"line":76,"column":39}},"loc":{"start":{"line":76,"column":44},"end":{"line":76,"column":84}},"line":76}},"branchMap":{"0":{"loc":{"start":{"line":79,"column":36},"end":{"line":79,"column":155}},"type":"cond-expr","locations":[{"start":{"line":79,"column":58},"end":{"line":79,"column":86}},{"start":{"line":79,"column":89},"end":{"line":79,"column":155}}],"line":79}},"s":{"0":0,"1":0,"2":0,"3":0,"4":0,"5":0,"6":0,"7":0,"8":0,"9":0,"10":0,"11":0,"12":0,"13":0,"14":0},"f":{"0":0,"1":0,"2":0,"3":0,"4":0,"5":0,"6":0,"7":0},"b":{"0":[0,0]}}
,"D:\\projetos\\gostack\\level03\\appgobarber\\src\\pages\\Profile\\index.tsx": {"path":"D:\\projetos\\gostack\\level03\\appgobarber\\src\\pages\\Profile\\index.tsx","statementMap":{"0":{"start":{"line":42,"column":26},"end":{"line":297,"column":1}},"1":{"start":{"line":43,"column":40},"end":{"line":43,"column":49}},"2":{"start":{"line":45,"column":18},"end":{"line":45,"column":43}},"3":{"start":{"line":46,"column":21},"end":{"line":46,"column":36}},"4":{"start":{"line":47,"column":60},"end":{"line":47,"column":75}},"5":{"start":{"line":49,"column":24},"end":{"line":49,"column":47}},"6":{"start":{"line":50,"column":30},"end":{"line":50,"column":53}},"7":{"start":{"line":51,"column":27},"end":{"line":51,"column":50}},"8":{"start":{"line":52,"column":34},"end":{"line":52,"column":57}},"9":{"start":{"line":54,"column":23},"end":{"line":127,"column":3}},"10":{"start":{"line":56,"column":6},"end":{"line":124,"column":7}},"11":{"start":{"line":57,"column":8},"end":{"line":57,"column":39}},"12":{"start":{"line":59,"column":23},"end":{"line":77,"column":10}},"13":{"start":{"line":65,"column":41},"end":{"line":65,"column":53}},"14":{"start":{"line":72,"column":43},"end":{"line":72,"column":55}},"15":{"start":{"line":79,"column":8},"end":{"line":81,"column":11}},"16":{"start":{"line":89,"column":12},"end":{"line":89,"column":16}},"17":{"start":{"line":91,"column":25},"end":{"line":101,"column":9}},"18":{"start":{"line":103,"column":25},"end":{"line":103,"column":60}},"19":{"start":{"line":105,"column":8},"end":{"line":105,"column":34}},"20":{"start":{"line":107,"column":8},"end":{"line":107,"column":54}},"21":{"start":{"line":109,"column":8},"end":{"line":109,"column":28}},"22":{"start":{"line":113,"column":8},"end":{"line":118,"column":9}},"23":{"start":{"line":114,"column":25},"end":{"line":114,"column":49}},"24":{"start":{"line":115,"column":10},"end":{"line":115,"column":45}},"25":{"start":{"line":117,"column":10},"end":{"line":117,"column":17}},"26":{"start":{"line":120,"column":8},"end":{"line":123,"column":10}},"27":{"start":{"line":129,"column":22},"end":{"line":131,"column":29}},"28":{"start":{"line":130,"column":4},"end":{"line":130,"column":53}},"29":{"start":{"line":133,"column":32},"end":{"line":155,"column":40}},"30":{"start":{"line":134,"column":4},"end":{"line":154,"column":6}},"31":{"start":{"line":141,"column":21},"end":{"line":141,"column":35}},"32":{"start":{"line":143,"column":8},"end":{"line":147,"column":11}},"33":{"start":{"line":149,"column":28},"end":{"line":149,"column":65}},"34":{"start":{"line":151,"column":8},"end":{"line":151,"column":43}},"35":{"start":{"line":152,"column":8},"end":{"line":152,"column":22}},"36":{"start":{"line":157,"column":33},"end":{"line":178,"column":40}},"37":{"start":{"line":158,"column":4},"end":{"line":177,"column":6}},"38":{"start":{"line":164,"column":21},"end":{"line":164,"column":35}},"39":{"start":{"line":166,"column":8},"end":{"line":170,"column":11}},"40":{"start":{"line":172,"column":28},"end":{"line":172,"column":65}},"41":{"start":{"line":174,"column":8},"end":{"line":174,"column":43}},"42":{"start":{"line":175,"column":8},"end":{"line":175,"column":22}},"43":{"start":{"line":180,"column":23},"end":{"line":182,"column":18}},"44":{"start":{"line":181,"column":4},"end":{"line":181,"column":24}},"45":{"start":{"line":184,"column":24},"end":{"line":186,"column":15}},"46":{"start":{"line":185,"column":4},"end":{"line":185,"column":14}},"47":{"start":{"line":188,"column":2},"end":{"line":296,"column":4}},"48":{"start":{"line":221,"column":18},"end":{"line":221,"column":49}},"49":{"start":{"line":234,"column":18},"end":{"line":234,"column":55}},"50":{"start":{"line":245,"column":39},"end":{"line":245,"column":72}},"51":{"start":{"line":254,"column":39},"end":{"line":254,"column":79}},"52":{"start":{"line":263,"column":39},"end":{"line":263,"column":68}},"53":{"start":{"line":266,"column":37},"end":{"line":266,"column":66}}},"fnMap":{"0":{"name":"(anonymous_0)","decl":{"start":{"line":42,"column":26},"end":{"line":42,"column":27}},"loc":{"start":{"line":42,"column":32},"end":{"line":297,"column":1}},"line":42},"1":{"name":"(anonymous_1)","decl":{"start":{"line":55,"column":4},"end":{"line":55,"column":5}},"loc":{"start":{"line":55,"column":37},"end":{"line":125,"column":5}},"line":55},"2":{"name":"(anonymous_2)","decl":{"start":{"line":65,"column":16},"end":{"line":65,"column":17}},"loc":{"start":{"line":65,"column":41},"end":{"line":65,"column":53}},"line":65},"3":{"name":"(anonymous_3)","decl":{"start":{"line":72,"column":18},"end":{"line":72,"column":19}},"loc":{"start":{"line":72,"column":43},"end":{"line":72,"column":55}},"line":72},"4":{"name":"(anonymous_4)","decl":{"start":{"line":129,"column":34},"end":{"line":129,"column":35}},"loc":{"start":{"line":129,"column":40},"end":{"line":131,"column":3}},"line":129},"5":{"name":"(anonymous_5)","decl":{"start":{"line":133,"column":44},"end":{"line":133,"column":45}},"loc":{"start":{"line":133,"column":50},"end":{"line":155,"column":3}},"line":133},"6":{"name":"(anonymous_6)","decl":{"start":{"line":140,"column":6},"end":{"line":140,"column":7}},"loc":{"start":{"line":140,"column":24},"end":{"line":153,"column":7}},"line":140},"7":{"name":"(anonymous_7)","decl":{"start":{"line":157,"column":45},"end":{"line":157,"column":46}},"loc":{"start":{"line":157,"column":51},"end":{"line":178,"column":3}},"line":157},"8":{"name":"(anonymous_8)","decl":{"start":{"line":163,"column":6},"end":{"line":163,"column":7}},"loc":{"start":{"line":163,"column":24},"end":{"line":176,"column":7}},"line":163},"9":{"name":"(anonymous_9)","decl":{"start":{"line":180,"column":35},"end":{"line":180,"column":36}},"loc":{"start":{"line":180,"column":41},"end":{"line":182,"column":3}},"line":180},"10":{"name":"(anonymous_10)","decl":{"start":{"line":184,"column":36},"end":{"line":184,"column":37}},"loc":{"start":{"line":184,"column":42},"end":{"line":186,"column":3}},"line":184},"11":{"name":"(anonymous_11)","decl":{"start":{"line":219,"column":33},"end":{"line":219,"column":34}},"loc":{"start":{"line":219,"column":39},"end":{"line":222,"column":17}},"line":219},"12":{"name":"(anonymous_12)","decl":{"start":{"line":233,"column":33},"end":{"line":233,"column":34}},"loc":{"start":{"line":233,"column":39},"end":{"line":235,"column":17}},"line":233},"13":{"name":"(anonymous_13)","decl":{"start":{"line":245,"column":33},"end":{"line":245,"column":34}},"loc":{"start":{"line":245,"column":39},"end":{"line":245,"column":72}},"line":245},"14":{"name":"(anonymous_14)","decl":{"start":{"line":254,"column":33},"end":{"line":254,"column":34}},"loc":{"start":{"line":254,"column":39},"end":{"line":254,"column":79}},"line":254},"15":{"name":"(anonymous_15)","decl":{"start":{"line":263,"column":33},"end":{"line":263,"column":34}},"loc":{"start":{"line":263,"column":39},"end":{"line":263,"column":68}},"line":263},"16":{"name":"(anonymous_16)","decl":{"start":{"line":266,"column":31},"end":{"line":266,"column":32}},"loc":{"start":{"line":266,"column":37},"end":{"line":266,"column":66}},"line":266}},"branchMap":{"0":{"loc":{"start":{"line":94,"column":14},"end":{"line":100,"column":16}},"type":"cond-expr","locations":[{"start":{"line":95,"column":14},"end":{"line":99,"column":15}},{"start":{"line":100,"column":14},"end":{"line":100,"column":16}}],"line":94},"1":{"loc":{"start":{"line":113,"column":8},"end":{"line":118,"column":9}},"type":"if","locations":[{"start":{"line":113,"column":8},"end":{"line":118,"column":9}},{"start":{"line":113,"column":8},"end":{"line":118,"column":9}}],"line":113},"2":{"loc":{"start":{"line":192,"column":18},"end":{"line":192,"column":63}},"type":"cond-expr","locations":[{"start":{"line":192,"column":42},"end":{"line":192,"column":51}},{"start":{"line":192,"column":54},"end":{"line":192,"column":63}}],"line":192}},"s":{"0":0,"1":0,"2":0,"3":0,"4":0,"5":0,"6":0,"7":0,"8":0,"9":0,"10":0,"11":0,"12":0,"13":0,"14":0,"15":0,"16":0,"17":0,"18":0,"19":0,"20":0,"21":0,"22":0,"23":0,"24":0,"25":0,"26":0,"27":0,"28":0,"29":0,"30":0,"31":0,"32":0,"33":0,"34":0,"35":0,"36":0,"37":0,"38":0,"39":0,"40":0,"41":0,"42":0,"43":0,"44":0,"45":0,"46":0,"47":0,"48":0,"49":0,"50":0,"51":0,"52":0,"53":0},"f":{"0":0,"1":0,"2":0,"3":0,"4":0,"5":0,"6":0,"7":0,"8":0,"9":0,"10":0,"11":0,"12":0,"13":0,"14":0,"15":0,"16":0},"b":{"0":[0,0],"1":[0,0],"2":[0,0]}}
,"D:\\projetos\\gostack\\level03\\appgobarber\\src\\pages\\SignIn\\index.tsx": {"path":"D:\\projetos\\gostack\\level03\\appgobarber\\src\\pages\\SignIn\\index.tsx","statementMap":{"0":{"start":{"line":25,"column":25},"end":{"line":130,"column":1}},"1":{"start":{"line":27,"column":21},"end":{"line":27,"column":36}},"2":{"start":{"line":28,"column":25},"end":{"line":28,"column":34}},"3":{"start":{"line":29,"column":18},"end":{"line":29,"column":43}},"4":{"start":{"line":30,"column":27},"end":{"line":30,"column":50}},"5":{"start":{"line":35,"column":23},"end":{"line":71,"column":3}},"6":{"start":{"line":36,"column":4},"end":{"line":68,"column":5}},"7":{"start":{"line":37,"column":6},"end":{"line":37,"column":37}},"8":{"start":{"line":38,"column":21},"end":{"line":43,"column":8}},"9":{"start":{"line":45,"column":6},"end":{"line":45,"column":57}},"10":{"start":{"line":47,"column":6},"end":{"line":50,"column":9}},"11":{"start":{"line":55,"column":6},"end":{"line":61,"column":7}},"12":{"start":{"line":56,"column":23},"end":{"line":56,"column":47}},"13":{"start":{"line":58,"column":8},"end":{"line":58,"column":43}},"14":{"start":{"line":60,"column":8},"end":{"line":60,"column":15}},"15":{"start":{"line":63,"column":6},"end":{"line":63,"column":22}},"16":{"start":{"line":65,"column":6},"end":{"line":65,"column":98}},"17":{"start":{"line":74,"column":2},"end":{"line":129,"column":3}},"18":{"start":{"line":95,"column":18},"end":{"line":95,"column":51}},"19":{"start":{"line":107,"column":18},"end":{"line":107,"column":48}},"20":{"start":{"line":112,"column":16},"end":{"line":112,"column":46}},"21":{"start":{"line":122,"column":42},"end":{"line":122,"column":71}}},"fnMap":{"0":{"name":"(anonymous_0)","decl":{"start":{"line":25,"column":25},"end":{"line":25,"column":26}},"loc":{"start":{"line":25,"column":31},"end":{"line":130,"column":1}},"line":25},"1":{"name":"(anonymous_1)","decl":{"start":{"line":35,"column":35},"end":{"line":35,"column":36}},"loc":{"start":{"line":35,"column":67},"end":{"line":69,"column":3}},"line":35},"2":{"name":"(anonymous_2)","decl":{"start":{"line":94,"column":33},"end":{"line":94,"column":34}},"loc":{"start":{"line":94,"column":39},"end":{"line":96,"column":17}},"line":94},"3":{"name":"(anonymous_3)","decl":{"start":{"line":106,"column":33},"end":{"line":106,"column":34}},"loc":{"start":{"line":106,"column":39},"end":{"line":108,"column":17}},"line":106},"4":{"name":"(anonymous_4)","decl":{"start":{"line":111,"column":31},"end":{"line":111,"column":32}},"loc":{"start":{"line":111,"column":37},"end":{"line":113,"column":15}},"line":111},"5":{"name":"(anonymous_5)","decl":{"start":{"line":116,"column":37},"end":{"line":116,"column":38}},"loc":{"start":{"line":116,"column":43},"end":{"line":116,"column":46}},"line":116},"6":{"name":"(anonymous_6)","decl":{"start":{"line":122,"column":36},"end":{"line":122,"column":37}},"loc":{"start":{"line":122,"column":42},"end":{"line":122,"column":71}},"line":122}},"branchMap":{"0":{"loc":{"start":{"line":55,"column":6},"end":{"line":61,"column":7}},"type":"if","locations":[{"start":{"line":55,"column":6},"end":{"line":61,"column":7}},{"start":{"line":55,"column":6},"end":{"line":61,"column":7}}],"line":55},"1":{"loc":{"start":{"line":76,"column":66},"end":{"line":76,"column":110}},"type":"cond-expr","locations":[{"start":{"line":76,"column":89},"end":{"line":76,"column":98}},{"start":{"line":76,"column":101},"end":{"line":76,"column":110}}],"line":76}},"s":{"0":1,"1":1,"2":1,"3":1,"4":1,"5":1,"6":0,"7":0,"8":0,"9":0,"10":0,"11":0,"12":0,"13":0,"14":0,"15":0,"16":0,"17":1,"18":0,"19":0,"20":0,"21":0},"f":{"0":1,"1":0,"2":0,"3":0,"4":0,"5":0,"6":0},"b":{"0":[0,0],"1":[1,0]},"_coverageSchema":"1a1c01bbd47fc00a2c39e90264f33305004495a9","hash":"b6ea217898613c1a8bde144fa683433e787c9a60"}
,"D:\\projetos\\gostack\\level03\\appgobarber\\src\\pages\\SignUp\\index.tsx": {"path":"D:\\projetos\\gostack\\level03\\appgobarber\\src\\pages\\SignUp\\index.tsx","statementMap":{"0":{"start":{"line":24,"column":25},"end":{"line":126,"column":1}},"1":{"start":{"line":26,"column":18},"end":{"line":26,"column":43}},"2":{"start":{"line":27,"column":24},"end":{"line":27,"column":47}},"3":{"start":{"line":28,"column":27},"end":{"line":28,"column":50}},"4":{"start":{"line":30,"column":21},"end":{"line":30,"column":36}},"5":{"start":{"line":32,"column":24},"end":{"line":67,"column":1}},"6":{"start":{"line":33,"column":4},"end":{"line":64,"column":5}},"7":{"start":{"line":34,"column":6},"end":{"line":34,"column":37}},"8":{"start":{"line":35,"column":21},"end":{"line":41,"column":8}},"9":{"start":{"line":43,"column":6},"end":{"line":43,"column":57}},"10":{"start":{"line":45,"column":6},"end":{"line":45,"column":37}},"11":{"start":{"line":47,"column":6},"end":{"line":47,"column":83}},"12":{"start":{"line":49,"column":6},"end":{"line":49,"column":25}},"13":{"start":{"line":52,"column":6},"end":{"line":58,"column":7}},"14":{"start":{"line":53,"column":23},"end":{"line":53,"column":47}},"15":{"start":{"line":55,"column":8},"end":{"line":55,"column":43}},"16":{"start":{"line":57,"column":8},"end":{"line":57,"column":15}},"17":{"start":{"line":60,"column":6},"end":{"line":60,"column":22}},"18":{"start":{"line":62,"column":6},"end":{"line":62,"column":104}},"19":{"start":{"line":69,"column":2},"end":{"line":125,"column":3}},"20":{"start":{"line":87,"column":18},"end":{"line":87,"column":48}},"21":{"start":{"line":100,"column":18},"end":{"line":100,"column":51}},"22":{"start":{"line":111,"column":39},"end":{"line":111,"column":68}},"23":{"start":{"line":113,"column":37},"end":{"line":113,"column":66}},"24":{"start":{"line":118,"column":35},"end":{"line":118,"column":54}}},"fnMap":{"0":{"name":"(anonymous_0)","decl":{"start":{"line":24,"column":25},"end":{"line":24,"column":26}},"loc":{"start":{"line":24,"column":31},"end":{"line":126,"column":1}},"line":24},"1":{"name":"(anonymous_1)","decl":{"start":{"line":32,"column":37},"end":{"line":32,"column":38}},"loc":{"start":{"line":32,"column":69},"end":{"line":65,"column":3}},"line":32},"2":{"name":"(anonymous_2)","decl":{"start":{"line":86,"column":33},"end":{"line":86,"column":34}},"loc":{"start":{"line":86,"column":39},"end":{"line":88,"column":17}},"line":86},"3":{"name":"(anonymous_3)","decl":{"start":{"line":99,"column":33},"end":{"line":99,"column":34}},"loc":{"start":{"line":99,"column":39},"end":{"line":101,"column":17}},"line":99},"4":{"name":"(anonymous_4)","decl":{"start":{"line":111,"column":33},"end":{"line":111,"column":34}},"loc":{"start":{"line":111,"column":39},"end":{"line":111,"column":68}},"line":111},"5":{"name":"(anonymous_5)","decl":{"start":{"line":113,"column":31},"end":{"line":113,"column":32}},"loc":{"start":{"line":113,"column":37},"end":{"line":113,"column":66}},"line":113},"6":{"name":"(anonymous_6)","decl":{"start":{"line":118,"column":29},"end":{"line":118,"column":30}},"loc":{"start":{"line":118,"column":35},"end":{"line":118,"column":54}},"line":118}},"branchMap":{"0":{"loc":{"start":{"line":52,"column":6},"end":{"line":58,"column":7}},"type":"if","locations":[{"start":{"line":52,"column":6},"end":{"line":58,"column":7}},{"start":{"line":52,"column":6},"end":{"line":58,"column":7}}],"line":52},"1":{"loc":{"start":{"line":71,"column":66},"end":{"line":71,"column":110}},"type":"cond-expr","locations":[{"start":{"line":71,"column":89},"end":{"line":71,"column":98}},{"start":{"line":71,"column":101},"end":{"line":71,"column":110}}],"line":71}},"s":{"0":0,"1":0,"2":0,"3":0,"4":0,"5":0,"6":0,"7":0,"8":0,"9":0,"10":0,"11":0,"12":0,"13":0,"14":0,"15":0,"16":0,"17":0,"18":0,"19":0,"20":0,"21":0,"22":0,"23":0,"24":0},"f":{"0":0,"1":0,"2":0,"3":0,"4":0,"5":0,"6":0},"b":{"0":[0,0],"1":[0,0]}}
}
